[0.037s] Invoking command in '/home/expert_amateur/vbm_ws/build/addvectors_srvcli': CMAKE_PREFIX_PATH=${CMAKE_PREFIX_PATH}:/home/expert_amateur/voidwalking/ros2_ws/install/waypoints:/opt/ros/humble /usr/bin/cmake --build /home/expert_amateur/vbm_ws/build/addvectors_srvcli -- -j12 -l12
[0.061s] -- Found ament_cmake: 1.3.5 (/opt/ros/humble/share/ament_cmake/cmake)
[0.273s] -- Found rclcpp: 16.0.5 (/opt/ros/humble/share/rclcpp/cmake)
[0.310s] -- Found rosidl_generator_c: 3.1.5 (/opt/ros/humble/share/rosidl_generator_c/cmake)
[0.314s] -- Found rosidl_adapter: 3.1.5 (/opt/ros/humble/share/rosidl_adapter/cmake)
[0.324s] -- Found rosidl_generator_cpp: 3.1.5 (/opt/ros/humble/share/rosidl_generator_cpp/cmake)
[0.343s] -- Using all available rosidl_typesupport_c: rosidl_typesupport_fastrtps_c;rosidl_typesupport_introspection_c
[0.374s] -- Using all available rosidl_typesupport_cpp: rosidl_typesupport_fastrtps_cpp;rosidl_typesupport_introspection_cpp
[0.446s] -- Found rmw_implementation_cmake: 6.1.1 (/opt/ros/humble/share/rmw_implementation_cmake/cmake)
[0.448s] -- Found rmw_fastrtps_cpp: 6.2.3 (/opt/ros/humble/share/rmw_fastrtps_cpp/cmake)
[0.594s] -- Using RMW implementation 'rmw_fastrtps_cpp' as default
[0.776s] -- Found rosidl_default_generators: 1.2.0 (/opt/ros/humble/share/rosidl_default_generators/cmake)
[1.060s] -- Found ament_cmake_ros: 0.10.0 (/opt/ros/humble/share/ament_cmake_ros/cmake)
[1.395s] -- Using all available rosidl_typesupport_c: rosidl_typesupport_fastrtps_c;rosidl_typesupport_introspection_c
[1.514s] -- Using all available rosidl_typesupport_cpp: rosidl_typesupport_fastrtps_cpp;rosidl_typesupport_introspection_cpp
[1.537s] -- Found python_cmake_module: 0.10.0 (/opt/ros/humble/share/python_cmake_module/cmake)
[1.558s] -- Using PYTHON_EXECUTABLE: /usr/bin/python3
[1.559s] -- Using PYTHON_INCLUDE_DIRS: /usr/include/python3.10
[1.559s] -- Using PYTHON_LIBRARIES: /usr/lib/x86_64-linux-gnu/libpython3.10.so
[1.576s] -- Found ament_lint_auto: 0.12.7 (/opt/ros/humble/share/ament_lint_auto/cmake)
[1.584s] -- Added test 'cppcheck' to perform static code analysis on C / C++ code
[1.585s] -- Configured cppcheck include dirs: 
[1.585s] -- Configured cppcheck exclude dirs and/or files: 
[1.585s] -- Added test 'lint_cmake' to check CMake code style
[1.586s] -- Added test 'uncrustify' to check C / C++ code style
[1.586s] -- Configured uncrustify additional arguments: 
[1.586s] -- Added test 'xmllint' to check XML markup files
[1.588s] -- Configuring done
[1.618s] -- Generating done
[1.622s] -- Build files have been written to: /home/expert_amateur/vbm_ws/build/addvectors_srvcli
[1.649s] [35m[1mConsolidate compiler generated dependencies of target addvectors_srvcli__rosidl_generator_c[0m
[1.658s] [  2%] Built target addvectors_srvcli__cpp
[1.659s] [ 11%] Built target addvectors_srvcli__rosidl_generator_c
[1.669s] [35m[1mConsolidate compiler generated dependencies of target addvectors_srvcli__rosidl_typesupport_introspection_cpp[0m
[1.669s] [35m[1mConsolidate compiler generated dependencies of target addvectors_srvcli__rosidl_typesupport_cpp[0m
[1.669s] [35m[1mConsolidate compiler generated dependencies of target addvectors_srvcli__rosidl_typesupport_c[0m
[1.670s] [ 11%] Built target ament_cmake_python_copy_addvectors_srvcli
[1.670s] [35m[1mConsolidate compiler generated dependencies of target addvectors_srvcli__rosidl_typesupport_fastrtps_cpp[0m
[1.673s] [35m[1mConsolidate compiler generated dependencies of target addvectors_srvcli__rosidl_typesupport_introspection_c[0m
[1.673s] [35m[1mConsolidate compiler generated dependencies of target addvectors_srvcli__rosidl_typesupport_fastrtps_c[0m
[1.681s] [ 20%] Built target addvectors_srvcli__rosidl_typesupport_c
[1.684s] [ 37%] Built target addvectors_srvcli__rosidl_typesupport_introspection_c
[1.684s] [ 37%] Built target addvectors_srvcli__rosidl_typesupport_introspection_cpp
[1.685s] [ 45%] Built target addvectors_srvcli__rosidl_typesupport_cpp
[1.687s] [ 54%] Built target addvectors_srvcli__rosidl_typesupport_fastrtps_cpp
[1.692s] [ 62%] Built target addvectors_srvcli__rosidl_typesupport_fastrtps_c
[1.705s] [ 68%] [32mBuilding CXX object CMakeFiles/add_vec_server_exec.dir/src/add_vectors_server_src.cpp.o[0m
[1.706s] [ 68%] [32mBuilding CXX object CMakeFiles/add_vec_client_exec.dir/src/add_vectors_client_src.cpp.o[0m
[1.715s] [ 68%] Built target addvectors_srvcli
[1.743s] [ 71%] Built target addvectors_srvcli__py
[1.754s] [35m[1mConsolidate compiler generated dependencies of target addvectors_srvcli__rosidl_generator_py[0m
[1.766s] [ 77%] Built target addvectors_srvcli__rosidl_generator_py
[1.778s] [35m[1mConsolidate compiler generated dependencies of target addvectors_srvcli__rosidl_typesupport_c__pyext[0m
[1.779s] [35m[1mConsolidate compiler generated dependencies of target addvectors_srvcli__rosidl_typesupport_introspection_c__pyext[0m
[1.780s] [35m[1mConsolidate compiler generated dependencies of target addvectors_srvcli__rosidl_typesupport_fastrtps_c__pyext[0m
[1.794s] [ 82%] Built target addvectors_srvcli__rosidl_typesupport_c__pyext
[1.795s] [ 88%] Built target addvectors_srvcli__rosidl_typesupport_fastrtps_c__pyext
[1.796s] [ 94%] Built target addvectors_srvcli__rosidl_typesupport_introspection_c__pyext
[1.896s] [01m[K/home/expert_amateur/vbm_ws/src/addvectors_srvcli/src/add_vectors_client_src.cpp:2:10:[m[K [01;31m[Kfatal error: [m[Kaddvectors_srvcli/srv/AddVectorsSrv.hpp: No such file or directory
[1.897s]     2 | #include [01;31m[K"addvectors_srvcli/srv/AddVectorsSrv.hpp"[m[K                                        // CHANGE
[1.897s]       |          [01;31m[K^~~~~~~~~~~~~~~~~~~~~~~~~~~~~~~~~~~~~~~~~[m[K
[1.897s] compilation terminated.
[1.900s] gmake[2]: *** [CMakeFiles/add_vec_client_exec.dir/build.make:76: CMakeFiles/add_vec_client_exec.dir/src/add_vectors_client_src.cpp.o] Error 1
[1.901s] gmake[1]: *** [CMakeFiles/Makefile2:622: CMakeFiles/add_vec_client_exec.dir/all] Error 2
[1.901s] gmake[1]: *** Waiting for unfinished jobs....
[1.964s] [01m[K/home/expert_amateur/vbm_ws/src/addvectors_srvcli/src/add_vectors_server_src.cpp:2:10:[m[K [01;31m[Kfatal error: [m[Kaddvectors_srvcli/srv/AddVectorsSrv.hpp: No such file or directory
[1.965s]     2 | #include [01;31m[K"addvectors_srvcli/srv/AddVectorsSrv.hpp"[m[K                                        // CHANGE
[1.965s]       |          [01;31m[K^~~~~~~~~~~~~~~~~~~~~~~~~~~~~~~~~~~~~~~~~[m[K
[1.965s] compilation terminated.
[1.967s] gmake[2]: *** [CMakeFiles/add_vec_server_exec.dir/build.make:76: CMakeFiles/add_vec_server_exec.dir/src/add_vectors_server_src.cpp.o] Error 1
[1.967s] gmake[1]: *** [CMakeFiles/Makefile2:595: CMakeFiles/add_vec_server_exec.dir/all] Error 2
[2.008s] running egg_info
[2.009s] writing addvectors_srvcli.egg-info/PKG-INFO
[2.009s] writing dependency_links to addvectors_srvcli.egg-info/dependency_links.txt
[2.009s] writing top-level names to addvectors_srvcli.egg-info/top_level.txt
[2.014s] reading manifest file 'addvectors_srvcli.egg-info/SOURCES.txt'
[2.014s] writing manifest file 'addvectors_srvcli.egg-info/SOURCES.txt'
[2.049s] [ 94%] Built target ament_cmake_python_build_addvectors_srvcli_egg
[2.050s] gmake: *** [Makefile:146: all] Error 2
[2.052s] Invoked command in '/home/expert_amateur/vbm_ws/build/addvectors_srvcli' returned '2': CMAKE_PREFIX_PATH=${CMAKE_PREFIX_PATH}:/home/expert_amateur/voidwalking/ros2_ws/install/waypoints:/opt/ros/humble /usr/bin/cmake --build /home/expert_amateur/vbm_ws/build/addvectors_srvcli -- -j12 -l12
