-- Found ament_cmake: 1.3.5 (/opt/ros/humble/share/ament_cmake/cmake)
-- Found rclcpp: 16.0.5 (/opt/ros/humble/share/rclcpp/cmake)
-- Found rosidl_generator_c: 3.1.5 (/opt/ros/humble/share/rosidl_generator_c/cmake)
-- Found rosidl_adapter: 3.1.5 (/opt/ros/humble/share/rosidl_adapter/cmake)
-- Found rosidl_generator_cpp: 3.1.5 (/opt/ros/humble/share/rosidl_generator_cpp/cmake)
-- Using all available rosidl_typesupport_c: rosidl_typesupport_fastrtps_c;rosidl_typesupport_introspection_c
-- Using all available rosidl_typesupport_cpp: rosidl_typesupport_fastrtps_cpp;rosidl_typesupport_introspection_cpp
-- Found rmw_implementation_cmake: 6.1.1 (/opt/ros/humble/share/rmw_implementation_cmake/cmake)
-- Found rmw_fastrtps_cpp: 6.2.3 (/opt/ros/humble/share/rmw_fastrtps_cpp/cmake)
-- Using RMW implementation 'rmw_fastrtps_cpp' as default
-- Found rosidl_default_generators: 1.2.0 (/opt/ros/humble/share/rosidl_default_generators/cmake)
-- Found ament_cmake_ros: 0.10.0 (/opt/ros/humble/share/ament_cmake_ros/cmake)
-- Using all available rosidl_typesupport_c: rosidl_typesupport_fastrtps_c;rosidl_typesupport_introspection_c
-- Using all available rosidl_typesupport_cpp: rosidl_typesupport_fastrtps_cpp;rosidl_typesupport_introspection_cpp
-- Found python_cmake_module: 0.10.0 (/opt/ros/humble/share/python_cmake_module/cmake)
-- Using PYTHON_EXECUTABLE: /usr/bin/python3
-- Using PYTHON_INCLUDE_DIRS: /usr/include/python3.10
-- Using PYTHON_LIBRARIES: /usr/lib/x86_64-linux-gnu/libpython3.10.so
-- Found ament_lint_auto: 0.12.7 (/opt/ros/humble/share/ament_lint_auto/cmake)
-- Added test 'cppcheck' to perform static code analysis on C / C++ code
-- Configured cppcheck include dirs: 
-- Configured cppcheck exclude dirs and/or files: 
-- Added test 'lint_cmake' to check CMake code style
-- Added test 'uncrustify' to check C / C++ code style
-- Configured uncrustify additional arguments: 
-- Added test 'xmllint' to check XML markup files
-- Configuring done
-- Generating done
-- Build files have been written to: /home/expert_amateur/vbm_ws/build/addvectors_srvcli
[35m[1mConsolidate compiler generated dependencies of target addvectors_srvcli__rosidl_generator_c[0m
[  2%] Built target addvectors_srvcli__cpp
[ 11%] Built target addvectors_srvcli__rosidl_generator_c
[35m[1mConsolidate compiler generated dependencies of target addvectors_srvcli__rosidl_typesupport_cpp[0m
[35m[1mConsolidate compiler generated dependencies of target addvectors_srvcli__rosidl_typesupport_fastrtps_cpp[0m
[35m[1mConsolidate compiler generated dependencies of target addvectors_srvcli__rosidl_typesupport_introspection_cpp[0m
[ 11%] Built target ament_cmake_python_copy_addvectors_srvcli
[35m[1mConsolidate compiler generated dependencies of target addvectors_srvcli__rosidl_typesupport_fastrtps_c[0m
[35m[1mConsolidate compiler generated dependencies of target addvectors_srvcli__rosidl_typesupport_c[0m
[35m[1mConsolidate compiler generated dependencies of target addvectors_srvcli__rosidl_typesupport_introspection_c[0m
[ 20%] Built target addvectors_srvcli__rosidl_typesupport_cpp
[ 28%] Built target addvectors_srvcli__rosidl_typesupport_c
[ 45%] Built target addvectors_srvcli__rosidl_typesupport_fastrtps_cpp
[ 45%] Built target addvectors_srvcli__rosidl_typesupport_introspection_cpp
[ 62%] Built target addvectors_srvcli__rosidl_typesupport_introspection_c
[ 62%] Built target addvectors_srvcli__rosidl_typesupport_fastrtps_c
[ 65%] [32mBuilding CXX object CMakeFiles/add_vec_server_exec.dir/src/add_vectors_server_src.cpp.o[0m
[ 68%] [32mBuilding CXX object CMakeFiles/add_vec_client_exec.dir/src/add_vectors_client_src.cpp.o[0m
[ 68%] Built target addvectors_srvcli
[ 71%] Built target addvectors_srvcli__py
[35m[1mConsolidate compiler generated dependencies of target addvectors_srvcli__rosidl_generator_py[0m
[ 77%] Built target addvectors_srvcli__rosidl_generator_py
[35m[1mConsolidate compiler generated dependencies of target addvectors_srvcli__rosidl_typesupport_introspection_c__pyext[0m
[35m[1mConsolidate compiler generated dependencies of target addvectors_srvcli__rosidl_typesupport_c__pyext[0m
[35m[1mConsolidate compiler generated dependencies of target addvectors_srvcli__rosidl_typesupport_fastrtps_c__pyext[0m
[ 82%] Built target addvectors_srvcli__rosidl_typesupport_introspection_c__pyext
[ 88%] Built target addvectors_srvcli__rosidl_typesupport_c__pyext
[ 94%] Built target addvectors_srvcli__rosidl_typesupport_fastrtps_c__pyext
[01m[K/home/expert_amateur/vbm_ws/src/addvectors_srvcli/src/add_vectors_server_src.cpp:2:10:[m[K [01;31m[Kfatal error: [m[Kaddvectors_srvcli/srv/AddVectorsSrv.hpp: No such file or directory
    2 | #include [01;31m[K"addvectors_srvcli/srv/AddVectorsSrv.hpp"[m[K                                        // CHANGE
      |          [01;31m[K^~~~~~~~~~~~~~~~~~~~~~~~~~~~~~~~~~~~~~~~~[m[K
compilation terminated.
gmake[2]: *** [CMakeFiles/add_vec_server_exec.dir/build.make:76: CMakeFiles/add_vec_server_exec.dir/src/add_vectors_server_src.cpp.o] Error 1
gmake[1]: *** [CMakeFiles/Makefile2:595: CMakeFiles/add_vec_server_exec.dir/all] Error 2
gmake[1]: *** Waiting for unfinished jobs....
[01m[K/home/expert_amateur/vbm_ws/src/addvectors_srvcli/src/add_vectors_client_src.cpp:2:10:[m[K [01;31m[Kfatal error: [m[Kaddvectors_srvcli/srv/AddVectorsSrv.hpp: No such file or directory
    2 | #include [01;31m[K"addvectors_srvcli/srv/AddVectorsSrv.hpp"[m[K                                        // CHANGE
      |          [01;31m[K^~~~~~~~~~~~~~~~~~~~~~~~~~~~~~~~~~~~~~~~~[m[K
compilation terminated.
gmake[2]: *** [CMakeFiles/add_vec_client_exec.dir/build.make:76: CMakeFiles/add_vec_client_exec.dir/src/add_vectors_client_src.cpp.o] Error 1
gmake[1]: *** [CMakeFiles/Makefile2:622: CMakeFiles/add_vec_client_exec.dir/all] Error 2
running egg_info
writing addvectors_srvcli.egg-info/PKG-INFO
writing dependency_links to addvectors_srvcli.egg-info/dependency_links.txt
writing top-level names to addvectors_srvcli.egg-info/top_level.txt
reading manifest file 'addvectors_srvcli.egg-info/SOURCES.txt'
writing manifest file 'addvectors_srvcli.egg-info/SOURCES.txt'
[ 94%] Built target ament_cmake_python_build_addvectors_srvcli_egg
gmake: *** [Makefile:146: all] Error 2
